2024-06-16 12:50:52,945 INFO    StreamThr :1805803 [internal.py:wandb_internal():85] W&B internal server running at pid: 1805803, started at: 2024-06-16 12:50:52.944427
2024-06-16 12:50:52,947 DEBUG   HandlerThread:1805803 [handler.py:handle_request():158] handle_request: status
2024-06-16 12:50:52,954 INFO    WriterThread:1805803 [datastore.py:open_for_write():87] open: /home/alexeyorlov53/Transformers-for-Molecules/graphormer/MolCLR_experiment/wandb/run-20240616_125052-mp6a8ux9/run-mp6a8ux9.wandb
2024-06-16 12:50:52,955 DEBUG   SenderThread:1805803 [sender.py:send():378] send: header
2024-06-16 12:50:53,065 DEBUG   SenderThread:1805803 [sender.py:send():378] send: run
2024-06-16 12:50:53,541 INFO    SenderThread:1805803 [dir_watcher.py:__init__():211] watching files in: /home/alexeyorlov53/Transformers-for-Molecules/graphormer/MolCLR_experiment/wandb/run-20240616_125052-mp6a8ux9/files
2024-06-16 12:50:53,541 INFO    SenderThread:1805803 [sender.py:_start_run_threads():1123] run started: mp6a8ux9 with start time 1718531452.94431
2024-06-16 12:50:53,550 DEBUG   HandlerThread:1805803 [handler.py:handle_request():158] handle_request: check_version
2024-06-16 12:50:53,551 DEBUG   SenderThread:1805803 [sender.py:send_request():405] send_request: check_version
2024-06-16 12:50:53,671 DEBUG   HandlerThread:1805803 [handler.py:handle_request():158] handle_request: run_start
2024-06-16 12:50:53,700 DEBUG   HandlerThread:1805803 [system_info.py:__init__():26] System info init
2024-06-16 12:50:53,701 DEBUG   HandlerThread:1805803 [system_info.py:__init__():41] System info init done
2024-06-16 12:50:53,701 INFO    HandlerThread:1805803 [system_monitor.py:start():194] Starting system monitor
2024-06-16 12:50:53,701 INFO    SystemMonitor:1805803 [system_monitor.py:_start():158] Starting system asset monitoring threads
2024-06-16 12:50:53,702 INFO    HandlerThread:1805803 [system_monitor.py:probe():214] Collecting system info
2024-06-16 12:50:53,704 INFO    SystemMonitor:1805803 [interfaces.py:start():188] Started cpu monitoring
2024-06-16 12:50:53,707 INFO    SystemMonitor:1805803 [interfaces.py:start():188] Started disk monitoring
2024-06-16 12:50:53,708 INFO    SystemMonitor:1805803 [interfaces.py:start():188] Started gpu monitoring
2024-06-16 12:50:53,709 INFO    SystemMonitor:1805803 [interfaces.py:start():188] Started memory monitoring
2024-06-16 12:50:53,712 INFO    SystemMonitor:1805803 [interfaces.py:start():188] Started network monitoring
2024-06-16 12:50:53,764 DEBUG   HandlerThread:1805803 [system_info.py:probe():150] Probing system
2024-06-16 12:50:53,776 DEBUG   HandlerThread:1805803 [system_info.py:_probe_git():135] Probing git
2024-06-16 12:50:53,802 DEBUG   HandlerThread:1805803 [system_info.py:_probe_git():143] Probing git done
2024-06-16 12:50:53,803 DEBUG   HandlerThread:1805803 [system_info.py:probe():198] Probing system done
2024-06-16 12:50:53,803 DEBUG   HandlerThread:1805803 [system_monitor.py:probe():223] {'os': 'Linux-5.15.0-94-generic-x86_64-with-glibc2.31', 'python': '3.9.19', 'heartbeatAt': '2024-06-16T09:50:53.765128', 'startedAt': '2024-06-16T09:50:52.935721', 'docker': None, 'cuda': None, 'args': (), 'state': 'running', 'program': 'Transformers-for-Molecules/graphormer/MolCLR_experiment/MolCLR.ipynb', 'codePathLocal': None, 'root': '/home/alexeyorlov53/Transformers-for-Molecules', 'git': {'remote': 'https://github.com/OrlovAlexey/Transformers-for-Molecules.git', 'commit': 'b9b3ebe710b915cb8b5de1ca8a05ad881269c4bd'}, 'email': 'alexeydeath53@gmail.com', 'host': 'opt-mipt', 'username': 'alexeyorlov53', 'executable': '/home/alexeyorlov53/anaconda3/envs/myenv/bin/python3.9', 'cpu_count': 48, 'cpu_count_logical': 48, 'cpu_freq': {'current': 2195.9429999999998, 'min': 0.0, 'max': 0.0}, 'cpu_freq_per_core': [{'current': 2195.943, 'min': 0.0, 'max': 0.0}, {'current': 2195.943, 'min': 0.0, 'max': 0.0}, {'current': 2195.943, 'min': 0.0, 'max': 0.0}, {'current': 2195.943, 'min': 0.0, 'max': 0.0}, {'current': 2195.943, 'min': 0.0, 'max': 0.0}, {'current': 2195.943, 'min': 0.0, 'max': 0.0}, {'current': 2195.943, 'min': 0.0, 'max': 0.0}, {'current': 2195.943, 'min': 0.0, 'max': 0.0}, {'current': 2195.943, 'min': 0.0, 'max': 0.0}, {'current': 2195.943, 'min': 0.0, 'max': 0.0}, {'current': 2195.943, 'min': 0.0, 'max': 0.0}, {'current': 2195.943, 'min': 0.0, 'max': 0.0}, {'current': 2195.943, 'min': 0.0, 'max': 0.0}, {'current': 2195.943, 'min': 0.0, 'max': 0.0}, {'current': 2195.943, 'min': 0.0, 'max': 0.0}, {'current': 2195.943, 'min': 0.0, 'max': 0.0}, {'current': 2195.943, 'min': 0.0, 'max': 0.0}, {'current': 2195.943, 'min': 0.0, 'max': 0.0}, {'current': 2195.943, 'min': 0.0, 'max': 0.0}, {'current': 2195.943, 'min': 0.0, 'max': 0.0}, {'current': 2195.943, 'min': 0.0, 'max': 0.0}, {'current': 2195.943, 'min': 0.0, 'max': 0.0}, {'current': 2195.943, 'min': 0.0, 'max': 0.0}, {'current': 2195.943, 'min': 0.0, 'max': 0.0}, {'current': 2195.943, 'min': 0.0, 'max': 0.0}, {'current': 2195.943, 'min': 0.0, 'max': 0.0}, {'current': 2195.943, 'min': 0.0, 'max': 0.0}, {'current': 2195.943, 'min': 0.0, 'max': 0.0}, {'current': 2195.943, 'min': 0.0, 'max': 0.0}, {'current': 2195.943, 'min': 0.0, 'max': 0.0}, {'current': 2195.943, 'min': 0.0, 'max': 0.0}, {'current': 2195.943, 'min': 0.0, 'max': 0.0}, {'current': 2195.943, 'min': 0.0, 'max': 0.0}, {'current': 2195.943, 'min': 0.0, 'max': 0.0}, {'current': 2195.943, 'min': 0.0, 'max': 0.0}, {'current': 2195.943, 'min': 0.0, 'max': 0.0}, {'current': 2195.943, 'min': 0.0, 'max': 0.0}, {'current': 2195.943, 'min': 0.0, 'max': 0.0}, {'current': 2195.943, 'min': 0.0, 'max': 0.0}, {'current': 2195.943, 'min': 0.0, 'max': 0.0}, {'current': 2195.943, 'min': 0.0, 'max': 0.0}, {'current': 2195.943, 'min': 0.0, 'max': 0.0}, {'current': 2195.943, 'min': 0.0, 'max': 0.0}, {'current': 2195.943, 'min': 0.0, 'max': 0.0}, {'current': 2195.943, 'min': 0.0, 'max': 0.0}, {'current': 2195.943, 'min': 0.0, 'max': 0.0}, {'current': 2195.943, 'min': 0.0, 'max': 0.0}, {'current': 2195.943, 'min': 0.0, 'max': 0.0}], 'disk': {'/': {'total': 132.80414581298828, 'used': 101.51559066772461}}, 'gpu': 'NVIDIA GeForce RTX 2080 Ti', 'gpu_count': 8, 'gpu_devices': [{'name': 'NVIDIA GeForce RTX 2080 Ti', 'memory_total': 11811160064}, {'name': 'NVIDIA GeForce RTX 2080 Ti', 'memory_total': 11811160064}, {'name': 'NVIDIA A100-SXM4-80GB', 'memory_total': 85899345920}, {'name': 'NVIDIA A100-PCIE-40GB', 'memory_total': 42949672960}, {'name': 'NVIDIA A100-SXM4-80GB', 'memory_total': 85899345920}, {'name': 'NVIDIA A100-PCIE-40GB', 'memory_total': 42949672960}, {'name': 'NVIDIA GeForce RTX 2080 Ti', 'memory_total': 11811160064}, {'name': 'NVIDIA GeForce RTX 2080 Ti', 'memory_total': 11811160064}], 'memory': {'total': 503.87502670288086}}
2024-06-16 12:50:53,803 INFO    HandlerThread:1805803 [system_monitor.py:probe():224] Finished collecting system info
2024-06-16 12:50:53,803 INFO    HandlerThread:1805803 [system_monitor.py:probe():227] Publishing system info
2024-06-16 12:50:53,803 DEBUG   HandlerThread:1805803 [system_info.py:_save_conda():207] Saving list of conda packages installed into the current environment
2024-06-16 12:50:54,544 INFO    Thread-12 :1805803 [dir_watcher.py:_on_file_created():271] file/dir created: /home/alexeyorlov53/Transformers-for-Molecules/graphormer/MolCLR_experiment/wandb/run-20240616_125052-mp6a8ux9/files/conda-environment.yaml
2024-06-16 12:50:56,991 DEBUG   HandlerThread:1805803 [system_info.py:_save_conda():222] Saving conda packages done
2024-06-16 12:50:56,992 INFO    HandlerThread:1805803 [system_monitor.py:probe():229] Finished publishing system info
2024-06-16 12:50:56,996 DEBUG   SenderThread:1805803 [sender.py:send():378] send: files
2024-06-16 12:50:56,997 INFO    SenderThread:1805803 [sender.py:_save_file():1389] saving file wandb-metadata.json with policy now
2024-06-16 12:50:57,130 DEBUG   HandlerThread:1805803 [handler.py:handle_request():158] handle_request: python_packages
2024-06-16 12:50:57,131 DEBUG   SenderThread:1805803 [sender.py:send_request():405] send_request: python_packages
2024-06-16 12:50:57,132 DEBUG   HandlerThread:1805803 [handler.py:handle_request():158] handle_request: stop_status
2024-06-16 12:50:57,133 DEBUG   SenderThread:1805803 [sender.py:send_request():405] send_request: stop_status
2024-06-16 12:50:57,140 DEBUG   HandlerThread:1805803 [handler.py:handle_request():158] handle_request: pause
2024-06-16 12:50:57,140 INFO    HandlerThread:1805803 [handler.py:handle_request_pause():724] stopping system metrics thread
2024-06-16 12:50:57,140 INFO    HandlerThread:1805803 [system_monitor.py:finish():203] Stopping system monitor
2024-06-16 12:50:57,141 INFO    HandlerThread:1805803 [interfaces.py:finish():200] Joined cpu monitor
2024-06-16 12:50:57,142 DEBUG   SystemMonitor:1805803 [system_monitor.py:_start():172] Starting system metrics aggregation loop
2024-06-16 12:50:57,143 INFO    HandlerThread:1805803 [interfaces.py:finish():200] Joined disk monitor
2024-06-16 12:50:57,144 DEBUG   SystemMonitor:1805803 [system_monitor.py:_start():179] Finished system metrics aggregation loop
2024-06-16 12:50:57,145 DEBUG   SystemMonitor:1805803 [system_monitor.py:_start():183] Publishing last batch of metrics
2024-06-16 12:50:57,431 DEBUG   SenderThread:1805803 [sender.py:send():378] send: telemetry
2024-06-16 12:50:57,543 INFO    Thread-12 :1805803 [dir_watcher.py:_on_file_modified():288] file/dir modified: /home/alexeyorlov53/Transformers-for-Molecules/graphormer/MolCLR_experiment/wandb/run-20240616_125052-mp6a8ux9/files/conda-environment.yaml
2024-06-16 12:50:57,544 INFO    Thread-12 :1805803 [dir_watcher.py:_on_file_created():271] file/dir created: /home/alexeyorlov53/Transformers-for-Molecules/graphormer/MolCLR_experiment/wandb/run-20240616_125052-mp6a8ux9/files/requirements.txt
2024-06-16 12:50:57,544 INFO    Thread-12 :1805803 [dir_watcher.py:_on_file_created():271] file/dir created: /home/alexeyorlov53/Transformers-for-Molecules/graphormer/MolCLR_experiment/wandb/run-20240616_125052-mp6a8ux9/files/wandb-metadata.json
2024-06-16 12:50:57,797 INFO    wandb-upload_0:1805803 [upload_job.py:push():130] Uploaded file /tmp/tmprzi4avk5wandb/21zbkojf-wandb-metadata.json
2024-06-16 12:51:12,846 INFO    HandlerThread:1805803 [interfaces.py:finish():200] Joined gpu monitor
2024-06-16 12:51:12,847 INFO    HandlerThread:1805803 [interfaces.py:finish():200] Joined memory monitor
2024-06-16 12:51:12,847 INFO    HandlerThread:1805803 [interfaces.py:finish():200] Joined network monitor
2024-06-16 12:51:12,848 DEBUG   HandlerThread:1805803 [handler.py:handle_request():158] handle_request: resume
2024-06-16 12:51:12,848 INFO    HandlerThread:1805803 [handler.py:handle_request_resume():715] starting system metrics thread
2024-06-16 12:51:12,848 INFO    HandlerThread:1805803 [system_monitor.py:start():194] Starting system monitor
2024-06-16 12:51:12,849 INFO    SystemMonitor:1805803 [system_monitor.py:_start():158] Starting system asset monitoring threads
2024-06-16 12:51:12,849 DEBUG   HandlerThread:1805803 [handler.py:handle_request():158] handle_request: pause
2024-06-16 12:51:12,852 INFO    HandlerThread:1805803 [handler.py:handle_request_pause():724] stopping system metrics thread
2024-06-16 12:51:12,852 INFO    HandlerThread:1805803 [system_monitor.py:finish():203] Stopping system monitor
2024-06-16 12:51:12,850 DEBUG   SenderThread:1805803 [sender.py:send():378] send: stats
2024-06-16 12:51:12,851 INFO    SystemMonitor:1805803 [interfaces.py:start():188] Started cpu monitoring
2024-06-16 12:51:12,857 DEBUG   SystemMonitor:1805803 [system_monitor.py:_start():172] Starting system metrics aggregation loop
2024-06-16 12:51:12,857 DEBUG   SystemMonitor:1805803 [system_monitor.py:_start():179] Finished system metrics aggregation loop
2024-06-16 12:51:12,857 DEBUG   SystemMonitor:1805803 [system_monitor.py:_start():183] Publishing last batch of metrics
2024-06-16 12:51:12,860 INFO    HandlerThread:1805803 [interfaces.py:finish():200] Joined cpu monitor
2024-06-16 12:51:12,860 DEBUG   HandlerThread:1805803 [handler.py:handle_request():158] handle_request: resume
2024-06-16 12:51:12,860 INFO    HandlerThread:1805803 [handler.py:handle_request_resume():715] starting system metrics thread
2024-06-16 12:51:12,860 INFO    HandlerThread:1805803 [system_monitor.py:start():194] Starting system monitor
2024-06-16 12:51:12,861 INFO    SystemMonitor:1805803 [system_monitor.py:_start():158] Starting system asset monitoring threads
2024-06-16 12:51:12,861 DEBUG   HandlerThread:1805803 [handler.py:handle_request():158] handle_request: pause
2024-06-16 12:51:12,862 INFO    HandlerThread:1805803 [handler.py:handle_request_pause():724] stopping system metrics thread
2024-06-16 12:51:12,862 INFO    HandlerThread:1805803 [system_monitor.py:finish():203] Stopping system monitor
2024-06-16 12:51:12,862 INFO    SystemMonitor:1805803 [interfaces.py:start():188] Started cpu monitoring
2024-06-16 12:51:12,862 DEBUG   SystemMonitor:1805803 [system_monitor.py:_start():172] Starting system metrics aggregation loop
2024-06-16 12:51:12,863 DEBUG   SystemMonitor:1805803 [system_monitor.py:_start():179] Finished system metrics aggregation loop
2024-06-16 12:51:12,863 DEBUG   SystemMonitor:1805803 [system_monitor.py:_start():183] Publishing last batch of metrics
2024-06-16 12:51:12,865 INFO    HandlerThread:1805803 [interfaces.py:finish():200] Joined cpu monitor
2024-06-16 12:51:12,866 DEBUG   HandlerThread:1805803 [handler.py:handle_request():158] handle_request: resume
2024-06-16 12:51:12,866 INFO    HandlerThread:1805803 [handler.py:handle_request_resume():715] starting system metrics thread
2024-06-16 12:51:12,866 INFO    HandlerThread:1805803 [system_monitor.py:start():194] Starting system monitor
2024-06-16 12:51:12,866 INFO    SystemMonitor:1805803 [system_monitor.py:_start():158] Starting system asset monitoring threads
2024-06-16 12:51:12,866 DEBUG   HandlerThread:1805803 [handler.py:handle_request():158] handle_request: pause
2024-06-16 12:51:12,867 INFO    HandlerThread:1805803 [handler.py:handle_request_pause():724] stopping system metrics thread
2024-06-16 12:51:12,867 INFO    SystemMonitor:1805803 [interfaces.py:start():188] Started cpu monitoring
2024-06-16 12:51:12,868 INFO    HandlerThread:1805803 [system_monitor.py:finish():203] Stopping system monitor
2024-06-16 12:51:12,869 INFO    SystemMonitor:1805803 [interfaces.py:start():188] Started disk monitoring
2024-06-16 12:51:12,869 DEBUG   SystemMonitor:1805803 [system_monitor.py:_start():172] Starting system metrics aggregation loop
2024-06-16 12:51:12,869 DEBUG   SystemMonitor:1805803 [system_monitor.py:_start():179] Finished system metrics aggregation loop
2024-06-16 12:51:12,870 DEBUG   SystemMonitor:1805803 [system_monitor.py:_start():183] Publishing last batch of metrics
2024-06-16 12:51:12,870 INFO    HandlerThread:1805803 [interfaces.py:finish():200] Joined cpu monitor
2024-06-16 12:51:12,871 INFO    HandlerThread:1805803 [interfaces.py:finish():200] Joined disk monitor
2024-06-16 12:51:12,871 DEBUG   HandlerThread:1805803 [handler.py:handle_request():158] handle_request: resume
2024-06-16 12:51:12,871 INFO    HandlerThread:1805803 [handler.py:handle_request_resume():715] starting system metrics thread
2024-06-16 12:51:12,871 INFO    HandlerThread:1805803 [system_monitor.py:start():194] Starting system monitor
2024-06-16 12:51:12,871 INFO    SystemMonitor:1805803 [system_monitor.py:_start():158] Starting system asset monitoring threads
2024-06-16 12:51:12,872 DEBUG   HandlerThread:1805803 [handler.py:handle_request():158] handle_request: pause
2024-06-16 12:51:12,872 INFO    HandlerThread:1805803 [handler.py:handle_request_pause():724] stopping system metrics thread
2024-06-16 12:51:12,872 INFO    SystemMonitor:1805803 [interfaces.py:start():188] Started cpu monitoring
2024-06-16 12:51:12,873 INFO    HandlerThread:1805803 [system_monitor.py:finish():203] Stopping system monitor
2024-06-16 12:51:12,874 INFO    SystemMonitor:1805803 [interfaces.py:start():188] Started disk monitoring
2024-06-16 12:51:12,875 INFO    HandlerThread:1805803 [interfaces.py:finish():200] Joined cpu monitor
2024-06-16 12:51:12,875 DEBUG   SystemMonitor:1805803 [system_monitor.py:_start():172] Starting system metrics aggregation loop
2024-06-16 12:51:12,876 DEBUG   SystemMonitor:1805803 [system_monitor.py:_start():179] Finished system metrics aggregation loop
2024-06-16 12:51:12,876 DEBUG   SystemMonitor:1805803 [system_monitor.py:_start():183] Publishing last batch of metrics
2024-06-16 12:51:12,878 INFO    HandlerThread:1805803 [interfaces.py:finish():200] Joined disk monitor
2024-06-16 12:51:12,878 DEBUG   HandlerThread:1805803 [handler.py:handle_request():158] handle_request: resume
2024-06-16 12:51:12,879 INFO    HandlerThread:1805803 [handler.py:handle_request_resume():715] starting system metrics thread
2024-06-16 12:51:12,879 INFO    HandlerThread:1805803 [system_monitor.py:start():194] Starting system monitor
2024-06-16 12:51:12,879 INFO    SystemMonitor:1805803 [system_monitor.py:_start():158] Starting system asset monitoring threads
2024-06-16 12:51:12,879 DEBUG   HandlerThread:1805803 [handler.py:handle_request():158] handle_request: pause
2024-06-16 12:51:12,880 INFO    HandlerThread:1805803 [handler.py:handle_request_pause():724] stopping system metrics thread
2024-06-16 12:51:12,880 INFO    SystemMonitor:1805803 [interfaces.py:start():188] Started cpu monitoring
2024-06-16 12:51:12,881 INFO    HandlerThread:1805803 [system_monitor.py:finish():203] Stopping system monitor
2024-06-16 12:51:12,881 INFO    SystemMonitor:1805803 [interfaces.py:start():188] Started disk monitoring
2024-06-16 12:51:12,882 DEBUG   SystemMonitor:1805803 [system_monitor.py:_start():172] Starting system metrics aggregation loop
2024-06-16 12:51:12,883 INFO    HandlerThread:1805803 [interfaces.py:finish():200] Joined cpu monitor
2024-06-16 12:51:12,883 DEBUG   SystemMonitor:1805803 [system_monitor.py:_start():179] Finished system metrics aggregation loop
2024-06-16 12:51:12,884 DEBUG   SystemMonitor:1805803 [system_monitor.py:_start():183] Publishing last batch of metrics
2024-06-16 12:51:12,885 INFO    HandlerThread:1805803 [interfaces.py:finish():200] Joined disk monitor
2024-06-16 12:51:12,885 DEBUG   HandlerThread:1805803 [handler.py:handle_request():158] handle_request: resume
2024-06-16 12:51:12,885 INFO    HandlerThread:1805803 [handler.py:handle_request_resume():715] starting system metrics thread
2024-06-16 12:51:12,885 INFO    HandlerThread:1805803 [system_monitor.py:start():194] Starting system monitor
2024-06-16 12:51:12,886 INFO    SystemMonitor:1805803 [system_monitor.py:_start():158] Starting system asset monitoring threads
2024-06-16 12:51:12,886 DEBUG   HandlerThread:1805803 [handler.py:handle_request():158] handle_request: status_report
2024-06-16 12:51:12,888 INFO    SystemMonitor:1805803 [interfaces.py:start():188] Started cpu monitoring
2024-06-16 12:51:12,891 DEBUG   HandlerThread:1805803 [handler.py:handle_request():158] handle_request: status_report
2024-06-16 12:51:12,901 INFO    SystemMonitor:1805803 [interfaces.py:start():188] Started disk monitoring
2024-06-16 12:51:12,905 DEBUG   HandlerThread:1805803 [handler.py:handle_request():158] handle_request: status_report
2024-06-16 12:51:12,921 DEBUG   HandlerThread:1805803 [handler.py:handle_request():158] handle_request: partial_history
2024-06-16 12:51:12,922 DEBUG   HandlerThread:1805803 [handler.py:handle_request():158] handle_request: pause
2024-06-16 12:51:12,922 INFO    HandlerThread:1805803 [handler.py:handle_request_pause():724] stopping system metrics thread
2024-06-16 12:51:12,922 INFO    HandlerThread:1805803 [system_monitor.py:finish():203] Stopping system monitor
2024-06-16 12:51:12,922 INFO    SystemMonitor:1805803 [interfaces.py:start():188] Started gpu monitoring
2024-06-16 12:51:12,923 INFO    HandlerThread:1805803 [interfaces.py:finish():200] Joined cpu monitor
2024-06-16 12:51:12,924 DEBUG   SystemMonitor:1805803 [system_monitor.py:_start():172] Starting system metrics aggregation loop
2024-06-16 12:51:12,925 INFO    HandlerThread:1805803 [interfaces.py:finish():200] Joined disk monitor
2024-06-16 12:51:12,925 DEBUG   SystemMonitor:1805803 [system_monitor.py:_start():179] Finished system metrics aggregation loop
2024-06-16 12:51:12,925 DEBUG   SystemMonitor:1805803 [system_monitor.py:_start():183] Publishing last batch of metrics
2024-06-16 12:51:12,968 DEBUG   SenderThread:1805803 [sender.py:send():378] send: telemetry
2024-06-16 12:51:13,587 INFO    Thread-12 :1805803 [dir_watcher.py:_on_file_created():271] file/dir created: /home/alexeyorlov53/Transformers-for-Molecules/graphormer/MolCLR_experiment/wandb/run-20240616_125052-mp6a8ux9/files/output.log
2024-06-16 12:51:15,590 INFO    Thread-12 :1805803 [dir_watcher.py:_on_file_modified():288] file/dir modified: /home/alexeyorlov53/Transformers-for-Molecules/graphormer/MolCLR_experiment/wandb/run-20240616_125052-mp6a8ux9/files/output.log
2024-06-16 12:51:24,598 INFO    Thread-12 :1805803 [dir_watcher.py:_on_file_modified():288] file/dir modified: /home/alexeyorlov53/Transformers-for-Molecules/graphormer/MolCLR_experiment/wandb/run-20240616_125052-mp6a8ux9/files/config.yaml
2024-06-16 12:51:28,818 INFO    HandlerThread:1805803 [interfaces.py:finish():200] Joined gpu monitor
2024-06-16 12:51:28,819 DEBUG   HandlerThread:1805803 [handler.py:handle_request():158] handle_request: stop_status
2024-06-16 12:51:28,819 DEBUG   HandlerThread:1805803 [handler.py:handle_request():158] handle_request: status_report
2024-06-16 12:51:28,820 DEBUG   HandlerThread:1805803 [handler.py:handle_request():158] handle_request: keepalive
2024-06-16 12:51:28,820 DEBUG   HandlerThread:1805803 [handler.py:handle_request():158] handle_request: status_report
2024-06-16 12:51:28,820 DEBUG   HandlerThread:1805803 [handler.py:handle_request():158] handle_request: keepalive
2024-06-16 12:51:28,822 DEBUG   HandlerThread:1805803 [handler.py:handle_request():158] handle_request: status_report
2024-06-16 12:51:28,822 DEBUG   SenderThread:1805803 [sender.py:send_request():405] send_request: stop_status
2024-06-16 12:51:28,823 DEBUG   HandlerThread:1805803 [handler.py:handle_request():158] handle_request: keepalive
2024-06-16 12:51:29,031 DEBUG   SenderThread:1805803 [sender.py:send():378] send: stats
2024-06-16 12:51:29,032 DEBUG   SenderThread:1805803 [sender.py:send():378] send: stats
2024-06-16 12:51:29,032 DEBUG   SenderThread:1805803 [sender.py:send():378] send: stats
2024-06-16 12:51:29,035 DEBUG   SenderThread:1805803 [sender.py:send():378] send: stats
2024-06-16 12:51:29,035 DEBUG   SenderThread:1805803 [sender.py:send():378] send: stats
2024-06-16 12:51:29,036 DEBUG   SenderThread:1805803 [sender.py:send():378] send: stats
2024-06-16 12:51:30,038 DEBUG   HandlerThread:1805803 [handler.py:handle_request():158] handle_request: status_report
2024-06-16 12:51:32,140 DEBUG   HandlerThread:1805803 [handler.py:handle_request():158] handle_request: keepalive
2024-06-16 12:51:35,039 DEBUG   HandlerThread:1805803 [handler.py:handle_request():158] handle_request: status_report
2024-06-16 12:51:37,142 DEBUG   HandlerThread:1805803 [handler.py:handle_request():158] handle_request: keepalive
2024-06-16 12:51:40,041 DEBUG   HandlerThread:1805803 [handler.py:handle_request():158] handle_request: status_report
2024-06-16 12:51:42,144 DEBUG   HandlerThread:1805803 [handler.py:handle_request():158] handle_request: keepalive
2024-06-16 12:51:45,043 DEBUG   HandlerThread:1805803 [handler.py:handle_request():158] handle_request: status_report
2024-06-16 12:51:47,146 DEBUG   HandlerThread:1805803 [handler.py:handle_request():158] handle_request: keepalive
2024-06-16 12:51:50,044 DEBUG   HandlerThread:1805803 [handler.py:handle_request():158] handle_request: status_report
2024-06-16 12:51:52,148 DEBUG   HandlerThread:1805803 [handler.py:handle_request():158] handle_request: keepalive
2024-06-16 12:51:55,046 DEBUG   HandlerThread:1805803 [handler.py:handle_request():158] handle_request: status_report
2024-06-16 12:51:57,150 DEBUG   HandlerThread:1805803 [handler.py:handle_request():158] handle_request: keepalive
2024-06-16 12:52:00,048 DEBUG   HandlerThread:1805803 [handler.py:handle_request():158] handle_request: status_report
2024-06-16 12:52:01,145 DEBUG   HandlerThread:1805803 [handler.py:handle_request():158] handle_request: resume
2024-06-16 12:52:01,145 INFO    HandlerThread:1805803 [handler.py:handle_request_resume():715] starting system metrics thread
2024-06-16 12:52:01,145 INFO    HandlerThread:1805803 [system_monitor.py:start():194] Starting system monitor
2024-06-16 12:52:01,146 INFO    SystemMonitor:1805803 [system_monitor.py:_start():158] Starting system asset monitoring threads
2024-06-16 12:52:01,147 DEBUG   HandlerThread:1805803 [handler.py:handle_request():158] handle_request: pause
2024-06-16 12:52:01,147 INFO    HandlerThread:1805803 [handler.py:handle_request_pause():724] stopping system metrics thread
2024-06-16 12:52:01,147 INFO    SystemMonitor:1805803 [interfaces.py:start():188] Started cpu monitoring
2024-06-16 12:52:01,147 INFO    HandlerThread:1805803 [system_monitor.py:finish():203] Stopping system monitor
2024-06-16 12:52:01,150 INFO    SystemMonitor:1805803 [interfaces.py:start():188] Started disk monitoring
2024-06-16 12:52:01,150 INFO    HandlerThread:1805803 [interfaces.py:finish():200] Joined cpu monitor
2024-06-16 12:52:01,151 DEBUG   SystemMonitor:1805803 [system_monitor.py:_start():172] Starting system metrics aggregation loop
2024-06-16 12:52:01,151 DEBUG   SystemMonitor:1805803 [system_monitor.py:_start():179] Finished system metrics aggregation loop
2024-06-16 12:52:01,151 DEBUG   SystemMonitor:1805803 [system_monitor.py:_start():183] Publishing last batch of metrics
2024-06-16 12:52:01,154 INFO    HandlerThread:1805803 [interfaces.py:finish():200] Joined disk monitor
2024-06-16 12:52:01,155 DEBUG   SenderThread:1805803 [sender.py:send():378] send: stats
2024-06-16 12:52:02,151 DEBUG   HandlerThread:1805803 [handler.py:handle_request():158] handle_request: keepalive
2024-06-16 12:52:04,061 DEBUG   HandlerThread:1805803 [handler.py:handle_request():158] handle_request: resume
2024-06-16 12:52:04,061 INFO    HandlerThread:1805803 [handler.py:handle_request_resume():715] starting system metrics thread
2024-06-16 12:52:04,061 INFO    HandlerThread:1805803 [system_monitor.py:start():194] Starting system monitor
2024-06-16 12:52:04,061 INFO    SystemMonitor:1805803 [system_monitor.py:_start():158] Starting system asset monitoring threads
2024-06-16 12:52:04,062 INFO    SystemMonitor:1805803 [interfaces.py:start():188] Started cpu monitoring
2024-06-16 12:52:04,063 INFO    SystemMonitor:1805803 [interfaces.py:start():188] Started disk monitoring
2024-06-16 12:52:04,067 INFO    SystemMonitor:1805803 [interfaces.py:start():188] Started gpu monitoring
2024-06-16 12:52:04,069 INFO    SystemMonitor:1805803 [interfaces.py:start():188] Started memory monitoring
2024-06-16 12:52:04,071 INFO    SystemMonitor:1805803 [interfaces.py:start():188] Started network monitoring
2024-06-16 12:52:05,101 DEBUG   HandlerThread:1805803 [handler.py:handle_request():158] handle_request: status_report
2024-06-16 12:52:05,663 INFO    Thread-12 :1805803 [dir_watcher.py:_on_file_modified():288] file/dir modified: /home/alexeyorlov53/Transformers-for-Molecules/graphormer/MolCLR_experiment/wandb/run-20240616_125052-mp6a8ux9/files/output.log
2024-06-16 12:52:07,189 DEBUG   HandlerThread:1805803 [handler.py:handle_request():158] handle_request: keepalive
2024-06-16 12:52:07,664 INFO    Thread-12 :1805803 [dir_watcher.py:_on_file_modified():288] file/dir modified: /home/alexeyorlov53/Transformers-for-Molecules/graphormer/MolCLR_experiment/wandb/run-20240616_125052-mp6a8ux9/files/output.log
2024-06-16 12:52:09,665 INFO    Thread-12 :1805803 [dir_watcher.py:_on_file_modified():288] file/dir modified: /home/alexeyorlov53/Transformers-for-Molecules/graphormer/MolCLR_experiment/wandb/run-20240616_125052-mp6a8ux9/files/output.log
2024-06-16 12:52:10,109 DEBUG   HandlerThread:1805803 [handler.py:handle_request():158] handle_request: status_report
2024-06-16 12:52:11,666 INFO    Thread-12 :1805803 [dir_watcher.py:_on_file_modified():288] file/dir modified: /home/alexeyorlov53/Transformers-for-Molecules/graphormer/MolCLR_experiment/wandb/run-20240616_125052-mp6a8ux9/files/output.log
2024-06-16 12:52:12,192 DEBUG   HandlerThread:1805803 [handler.py:handle_request():158] handle_request: keepalive
2024-06-16 12:52:13,668 INFO    Thread-12 :1805803 [dir_watcher.py:_on_file_modified():288] file/dir modified: /home/alexeyorlov53/Transformers-for-Molecules/graphormer/MolCLR_experiment/wandb/run-20240616_125052-mp6a8ux9/files/output.log
2024-06-16 12:52:15,115 DEBUG   HandlerThread:1805803 [handler.py:handle_request():158] handle_request: status_report
2024-06-16 12:52:15,669 INFO    Thread-12 :1805803 [dir_watcher.py:_on_file_modified():288] file/dir modified: /home/alexeyorlov53/Transformers-for-Molecules/graphormer/MolCLR_experiment/wandb/run-20240616_125052-mp6a8ux9/files/output.log
2024-06-16 12:52:15,991 DEBUG   HandlerThread:1805803 [handler.py:handle_request():158] handle_request: partial_history
2024-06-16 12:52:16,039 DEBUG   HandlerThread:1805803 [handler.py:handle_request():158] handle_request: pause
2024-06-16 12:52:16,039 INFO    HandlerThread:1805803 [handler.py:handle_request_pause():724] stopping system metrics thread
2024-06-16 12:52:16,039 INFO    HandlerThread:1805803 [system_monitor.py:finish():203] Stopping system monitor
2024-06-16 12:52:16,040 DEBUG   SystemMonitor:1805803 [system_monitor.py:_start():172] Starting system metrics aggregation loop
2024-06-16 12:52:16,040 DEBUG   SystemMonitor:1805803 [system_monitor.py:_start():179] Finished system metrics aggregation loop
2024-06-16 12:52:16,042 INFO    HandlerThread:1805803 [interfaces.py:finish():200] Joined cpu monitor
2024-06-16 12:52:16,042 DEBUG   SystemMonitor:1805803 [system_monitor.py:_start():183] Publishing last batch of metrics
2024-06-16 12:52:16,043 INFO    HandlerThread:1805803 [interfaces.py:finish():200] Joined disk monitor
2024-06-16 12:52:17,671 INFO    Thread-12 :1805803 [dir_watcher.py:_on_file_modified():288] file/dir modified: /home/alexeyorlov53/Transformers-for-Molecules/graphormer/MolCLR_experiment/wandb/run-20240616_125052-mp6a8ux9/files/output.log
2024-06-16 12:52:32,072 INFO    HandlerThread:1805803 [interfaces.py:finish():200] Joined gpu monitor
2024-06-16 12:52:32,074 INFO    HandlerThread:1805803 [interfaces.py:finish():200] Joined memory monitor
2024-06-16 12:52:32,074 INFO    HandlerThread:1805803 [interfaces.py:finish():200] Joined network monitor
2024-06-16 12:52:32,074 DEBUG   HandlerThread:1805803 [handler.py:handle_request():158] handle_request: keepalive
2024-06-16 12:52:32,075 DEBUG   HandlerThread:1805803 [handler.py:handle_request():158] handle_request: status_report
2024-06-16 12:52:32,076 DEBUG   HandlerThread:1805803 [handler.py:handle_request():158] handle_request: keepalive
2024-06-16 12:52:32,076 DEBUG   HandlerThread:1805803 [handler.py:handle_request():158] handle_request: status_report
2024-06-16 12:52:32,076 DEBUG   HandlerThread:1805803 [handler.py:handle_request():158] handle_request: keepalive
2024-06-16 12:52:32,077 DEBUG   SenderThread:1805803 [sender.py:send():378] send: stats
2024-06-16 12:52:32,077 DEBUG   HandlerThread:1805803 [handler.py:handle_request():158] handle_request: status_report
2024-06-16 12:52:32,199 DEBUG   HandlerThread:1805803 [handler.py:handle_request():158] handle_request: keepalive
2024-06-16 12:52:36,080 DEBUG   HandlerThread:1805803 [handler.py:handle_request():158] handle_request: status_report
2024-06-16 12:52:37,201 DEBUG   HandlerThread:1805803 [handler.py:handle_request():158] handle_request: keepalive
2024-06-16 12:52:40,945 DEBUG   HandlerThread:1805803 [handler.py:handle_request():158] handle_request: resume
2024-06-16 12:52:40,945 INFO    HandlerThread:1805803 [handler.py:handle_request_resume():715] starting system metrics thread
2024-06-16 12:52:40,945 INFO    HandlerThread:1805803 [system_monitor.py:start():194] Starting system monitor
2024-06-16 12:52:40,946 INFO    SystemMonitor:1805803 [system_monitor.py:_start():158] Starting system asset monitoring threads
2024-06-16 12:52:40,947 DEBUG   HandlerThread:1805803 [handler.py:handle_request():158] handle_request: pause
2024-06-16 12:52:40,947 INFO    HandlerThread:1805803 [handler.py:handle_request_pause():724] stopping system metrics thread
2024-06-16 12:52:40,948 INFO    HandlerThread:1805803 [system_monitor.py:finish():203] Stopping system monitor
2024-06-16 12:52:40,948 INFO    SystemMonitor:1805803 [interfaces.py:start():188] Started cpu monitoring
2024-06-16 12:52:40,948 DEBUG   SystemMonitor:1805803 [system_monitor.py:_start():172] Starting system metrics aggregation loop
2024-06-16 12:52:40,948 DEBUG   SystemMonitor:1805803 [system_monitor.py:_start():179] Finished system metrics aggregation loop
2024-06-16 12:52:40,948 DEBUG   SystemMonitor:1805803 [system_monitor.py:_start():183] Publishing last batch of metrics
2024-06-16 12:52:40,951 INFO    HandlerThread:1805803 [interfaces.py:finish():200] Joined cpu monitor
2024-06-16 12:52:40,953 DEBUG   SenderThread:1805803 [sender.py:send():378] send: stats
2024-06-16 12:52:41,334 DEBUG   HandlerThread:1805803 [handler.py:handle_request():158] handle_request: resume
2024-06-16 12:52:41,335 INFO    HandlerThread:1805803 [handler.py:handle_request_resume():715] starting system metrics thread
2024-06-16 12:52:41,335 INFO    HandlerThread:1805803 [system_monitor.py:start():194] Starting system monitor
2024-06-16 12:52:41,335 INFO    SystemMonitor:1805803 [system_monitor.py:_start():158] Starting system asset monitoring threads
2024-06-16 12:52:41,335 DEBUG   HandlerThread:1805803 [handler.py:handle_request():158] handle_request: pause
2024-06-16 12:52:41,336 INFO    HandlerThread:1805803 [handler.py:handle_request_pause():724] stopping system metrics thread
2024-06-16 12:52:41,336 INFO    HandlerThread:1805803 [system_monitor.py:finish():203] Stopping system monitor
2024-06-16 12:52:41,337 INFO    SystemMonitor:1805803 [interfaces.py:start():188] Started cpu monitoring
2024-06-16 12:52:41,337 DEBUG   SystemMonitor:1805803 [system_monitor.py:_start():172] Starting system metrics aggregation loop
2024-06-16 12:52:41,337 DEBUG   SystemMonitor:1805803 [system_monitor.py:_start():179] Finished system metrics aggregation loop
2024-06-16 12:52:41,337 DEBUG   SystemMonitor:1805803 [system_monitor.py:_start():183] Publishing last batch of metrics
2024-06-16 12:52:41,339 INFO    HandlerThread:1805803 [interfaces.py:finish():200] Joined cpu monitor
2024-06-16 12:52:41,340 DEBUG   SenderThread:1805803 [sender.py:send():378] send: stats
2024-06-16 12:52:41,341 DEBUG   HandlerThread:1805803 [handler.py:handle_request():158] handle_request: status_report
2024-06-16 12:52:41,788 DEBUG   HandlerThread:1805803 [handler.py:handle_request():158] handle_request: resume
2024-06-16 12:52:41,789 INFO    HandlerThread:1805803 [handler.py:handle_request_resume():715] starting system metrics thread
2024-06-16 12:52:41,789 INFO    HandlerThread:1805803 [system_monitor.py:start():194] Starting system monitor
2024-06-16 12:52:41,790 INFO    SystemMonitor:1805803 [system_monitor.py:_start():158] Starting system asset monitoring threads
2024-06-16 12:52:41,791 INFO    SystemMonitor:1805803 [interfaces.py:start():188] Started cpu monitoring
2024-06-16 12:52:41,792 INFO    SystemMonitor:1805803 [interfaces.py:start():188] Started disk monitoring
2024-06-16 12:52:41,793 DEBUG   HandlerThread:1805803 [handler.py:handle_request():158] handle_request: pause
2024-06-16 12:52:41,793 INFO    SystemMonitor:1805803 [interfaces.py:start():188] Started gpu monitoring
2024-06-16 12:52:41,794 INFO    HandlerThread:1805803 [handler.py:handle_request_pause():724] stopping system metrics thread
2024-06-16 12:52:41,796 INFO    HandlerThread:1805803 [system_monitor.py:finish():203] Stopping system monitor
2024-06-16 12:52:41,797 INFO    SystemMonitor:1805803 [interfaces.py:start():188] Started memory monitoring
2024-06-16 12:52:41,798 DEBUG   SystemMonitor:1805803 [system_monitor.py:_start():172] Starting system metrics aggregation loop
2024-06-16 12:52:41,798 INFO    HandlerThread:1805803 [interfaces.py:finish():200] Joined cpu monitor
2024-06-16 12:52:41,798 DEBUG   SystemMonitor:1805803 [system_monitor.py:_start():179] Finished system metrics aggregation loop
2024-06-16 12:52:41,798 INFO    HandlerThread:1805803 [interfaces.py:finish():200] Joined disk monitor
2024-06-16 12:52:41,799 DEBUG   SystemMonitor:1805803 [system_monitor.py:_start():183] Publishing last batch of metrics
2024-06-16 12:52:56,259 INFO    HandlerThread:1805803 [interfaces.py:finish():200] Joined gpu monitor
2024-06-16 12:52:56,260 INFO    HandlerThread:1805803 [interfaces.py:finish():200] Joined memory monitor
2024-06-16 12:52:56,261 DEBUG   HandlerThread:1805803 [handler.py:handle_request():158] handle_request: keepalive
2024-06-16 12:52:56,261 DEBUG   HandlerThread:1805803 [handler.py:handle_request():158] handle_request: resume
2024-06-16 12:52:56,261 INFO    HandlerThread:1805803 [handler.py:handle_request_resume():715] starting system metrics thread
2024-06-16 12:52:56,262 DEBUG   SenderThread:1805803 [sender.py:send():378] send: stats
2024-06-16 12:52:56,263 INFO    HandlerThread:1805803 [system_monitor.py:start():194] Starting system monitor
2024-06-16 12:52:56,265 INFO    SystemMonitor:1805803 [system_monitor.py:_start():158] Starting system asset monitoring threads
2024-06-16 12:52:56,279 DEBUG   HandlerThread:1805803 [handler.py:handle_request():158] handle_request: status_report
2024-06-16 12:52:56,281 DEBUG   HandlerThread:1805803 [handler.py:handle_request():158] handle_request: keepalive
2024-06-16 12:52:56,301 INFO    SystemMonitor:1805803 [interfaces.py:start():188] Started cpu monitoring
2024-06-16 12:52:56,311 INFO    SystemMonitor:1805803 [interfaces.py:start():188] Started disk monitoring
2024-06-16 12:52:56,314 INFO    SystemMonitor:1805803 [interfaces.py:start():188] Started gpu monitoring
2024-06-16 12:52:56,315 INFO    SystemMonitor:1805803 [interfaces.py:start():188] Started memory monitoring
2024-06-16 12:52:56,318 INFO    SystemMonitor:1805803 [interfaces.py:start():188] Started network monitoring
2024-06-16 12:52:56,355 DEBUG   HandlerThread:1805803 [handler.py:handle_request():158] handle_request: status_report
2024-06-16 12:52:56,359 DEBUG   HandlerThread:1805803 [handler.py:handle_request():158] handle_request: keepalive
2024-06-16 12:52:56,364 DEBUG   HandlerThread:1805803 [handler.py:handle_request():158] handle_request: pause
2024-06-16 12:52:56,365 INFO    HandlerThread:1805803 [handler.py:handle_request_pause():724] stopping system metrics thread
2024-06-16 12:52:56,365 INFO    HandlerThread:1805803 [system_monitor.py:finish():203] Stopping system monitor
2024-06-16 12:52:56,366 INFO    HandlerThread:1805803 [interfaces.py:finish():200] Joined cpu monitor
2024-06-16 12:52:56,366 DEBUG   SystemMonitor:1805803 [system_monitor.py:_start():172] Starting system metrics aggregation loop
2024-06-16 12:52:56,366 INFO    HandlerThread:1805803 [interfaces.py:finish():200] Joined disk monitor
2024-06-16 12:52:56,382 DEBUG   SystemMonitor:1805803 [system_monitor.py:_start():179] Finished system metrics aggregation loop
2024-06-16 12:52:56,383 DEBUG   SystemMonitor:1805803 [system_monitor.py:_start():183] Publishing last batch of metrics
2024-06-16 12:52:57,872 INFO    Thread-12 :1805803 [dir_watcher.py:_on_file_modified():288] file/dir modified: /home/alexeyorlov53/Transformers-for-Molecules/graphormer/MolCLR_experiment/wandb/run-20240616_125052-mp6a8ux9/files/output.log
2024-06-16 12:52:58,385 INFO    HandlerThread:1805803 [interfaces.py:finish():200] Joined gpu monitor
2024-06-16 12:52:58,385 INFO    HandlerThread:1805803 [interfaces.py:finish():200] Joined memory monitor
2024-06-16 12:52:58,385 INFO    HandlerThread:1805803 [interfaces.py:finish():200] Joined network monitor
2024-06-16 12:52:58,386 DEBUG   HandlerThread:1805803 [handler.py:handle_request():158] handle_request: poll_exit
2024-06-16 12:52:58,386 DEBUG   HandlerThread:1805803 [handler.py:handle_request():158] handle_request: status_report
2024-06-16 12:52:58,387 DEBUG   SenderThread:1805803 [sender.py:send():378] send: exit
2024-06-16 12:52:58,388 INFO    SenderThread:1805803 [sender.py:send_exit():585] handling exit code: 0
2024-06-16 12:52:58,388 INFO    SenderThread:1805803 [sender.py:send_exit():587] handling runtime: 79
2024-06-16 12:52:58,389 INFO    SenderThread:1805803 [sender.py:_save_file():1389] saving file wandb-summary.json with policy end
2024-06-16 12:52:58,389 INFO    SenderThread:1805803 [sender.py:send_exit():593] send defer
2024-06-16 12:52:58,389 DEBUG   SenderThread:1805803 [sender.py:send_request():405] send_request: poll_exit
2024-06-16 12:52:58,390 DEBUG   HandlerThread:1805803 [handler.py:handle_request():158] handle_request: defer
2024-06-16 12:52:58,390 DEBUG   SenderThread:1805803 [sender.py:send():378] send: stats
2024-06-16 12:52:58,390 INFO    HandlerThread:1805803 [handler.py:handle_request_defer():184] handle defer: 0
2024-06-16 12:52:58,392 DEBUG   SenderThread:1805803 [sender.py:send_request():405] send_request: defer
2024-06-16 12:52:58,392 INFO    SenderThread:1805803 [sender.py:send_request_defer():609] handle sender defer: 0
2024-06-16 12:52:58,392 INFO    SenderThread:1805803 [sender.py:transition_state():613] send defer: 1
2024-06-16 12:52:58,392 DEBUG   HandlerThread:1805803 [handler.py:handle_request():158] handle_request: defer
2024-06-16 12:52:58,393 INFO    HandlerThread:1805803 [handler.py:handle_request_defer():184] handle defer: 1
2024-06-16 12:52:58,393 DEBUG   SenderThread:1805803 [sender.py:send_request():405] send_request: defer
2024-06-16 12:52:58,393 INFO    SenderThread:1805803 [sender.py:send_request_defer():609] handle sender defer: 1
2024-06-16 12:52:58,393 INFO    SenderThread:1805803 [sender.py:transition_state():613] send defer: 2
2024-06-16 12:52:58,393 DEBUG   HandlerThread:1805803 [handler.py:handle_request():158] handle_request: defer
2024-06-16 12:52:58,393 INFO    HandlerThread:1805803 [handler.py:handle_request_defer():184] handle defer: 2
2024-06-16 12:52:58,394 DEBUG   SenderThread:1805803 [sender.py:send_request():405] send_request: defer
2024-06-16 12:52:58,394 INFO    SenderThread:1805803 [sender.py:send_request_defer():609] handle sender defer: 2
2024-06-16 12:52:58,394 INFO    SenderThread:1805803 [sender.py:transition_state():613] send defer: 3
2024-06-16 12:52:58,394 DEBUG   HandlerThread:1805803 [handler.py:handle_request():158] handle_request: defer
2024-06-16 12:52:58,394 INFO    HandlerThread:1805803 [handler.py:handle_request_defer():184] handle defer: 3
2024-06-16 12:52:58,395 DEBUG   SenderThread:1805803 [sender.py:send():378] send: history
2024-06-16 12:52:58,396 DEBUG   SenderThread:1805803 [sender.py:send_request():405] send_request: summary_record
2024-06-16 12:52:58,396 INFO    SenderThread:1805803 [sender.py:_save_file():1389] saving file wandb-summary.json with policy end
2024-06-16 12:52:58,396 DEBUG   SenderThread:1805803 [sender.py:send_request():405] send_request: defer
2024-06-16 12:52:58,396 INFO    SenderThread:1805803 [sender.py:send_request_defer():609] handle sender defer: 3
2024-06-16 12:52:58,397 INFO    SenderThread:1805803 [sender.py:transition_state():613] send defer: 4
2024-06-16 12:52:58,397 DEBUG   HandlerThread:1805803 [handler.py:handle_request():158] handle_request: defer
2024-06-16 12:52:58,397 INFO    HandlerThread:1805803 [handler.py:handle_request_defer():184] handle defer: 4
2024-06-16 12:52:58,397 DEBUG   SenderThread:1805803 [sender.py:send_request():405] send_request: defer
2024-06-16 12:52:58,397 INFO    SenderThread:1805803 [sender.py:send_request_defer():609] handle sender defer: 4
2024-06-16 12:52:58,398 INFO    SenderThread:1805803 [sender.py:transition_state():613] send defer: 5
2024-06-16 12:52:58,398 DEBUG   HandlerThread:1805803 [handler.py:handle_request():158] handle_request: defer
2024-06-16 12:52:58,398 INFO    HandlerThread:1805803 [handler.py:handle_request_defer():184] handle defer: 5
2024-06-16 12:52:58,398 DEBUG   SenderThread:1805803 [sender.py:send():378] send: summary
2024-06-16 12:52:58,399 INFO    SenderThread:1805803 [sender.py:_save_file():1389] saving file wandb-summary.json with policy end
2024-06-16 12:52:58,399 DEBUG   SenderThread:1805803 [sender.py:send_request():405] send_request: defer
2024-06-16 12:52:58,399 INFO    SenderThread:1805803 [sender.py:send_request_defer():609] handle sender defer: 5
2024-06-16 12:52:58,399 INFO    SenderThread:1805803 [sender.py:transition_state():613] send defer: 6
2024-06-16 12:52:58,399 DEBUG   HandlerThread:1805803 [handler.py:handle_request():158] handle_request: defer
2024-06-16 12:52:58,400 INFO    HandlerThread:1805803 [handler.py:handle_request_defer():184] handle defer: 6
2024-06-16 12:52:58,400 DEBUG   SenderThread:1805803 [sender.py:send_request():405] send_request: defer
2024-06-16 12:52:58,400 INFO    SenderThread:1805803 [sender.py:send_request_defer():609] handle sender defer: 6
2024-06-16 12:52:58,400 INFO    SenderThread:1805803 [sender.py:transition_state():613] send defer: 7
2024-06-16 12:52:58,400 DEBUG   HandlerThread:1805803 [handler.py:handle_request():158] handle_request: status_report
2024-06-16 12:52:58,401 DEBUG   HandlerThread:1805803 [handler.py:handle_request():158] handle_request: defer
2024-06-16 12:52:58,401 INFO    HandlerThread:1805803 [handler.py:handle_request_defer():184] handle defer: 7
2024-06-16 12:52:58,401 DEBUG   SenderThread:1805803 [sender.py:send_request():405] send_request: defer
2024-06-16 12:52:58,401 INFO    SenderThread:1805803 [sender.py:send_request_defer():609] handle sender defer: 7
2024-06-16 12:52:58,873 INFO    Thread-12 :1805803 [dir_watcher.py:_on_file_created():271] file/dir created: /home/alexeyorlov53/Transformers-for-Molecules/graphormer/MolCLR_experiment/wandb/run-20240616_125052-mp6a8ux9/files/wandb-summary.json
2024-06-16 12:52:59,164 DEBUG   HandlerThread:1805803 [handler.py:handle_request():158] handle_request: poll_exit
2024-06-16 12:52:59,471 INFO    SenderThread:1805803 [sender.py:transition_state():613] send defer: 8
2024-06-16 12:52:59,471 DEBUG   SenderThread:1805803 [sender.py:send_request():405] send_request: poll_exit
2024-06-16 12:52:59,471 DEBUG   HandlerThread:1805803 [handler.py:handle_request():158] handle_request: defer
2024-06-16 12:52:59,472 INFO    HandlerThread:1805803 [handler.py:handle_request_defer():184] handle defer: 8
2024-06-16 12:52:59,473 DEBUG   SenderThread:1805803 [sender.py:send_request():405] send_request: defer
2024-06-16 12:52:59,473 INFO    SenderThread:1805803 [sender.py:send_request_defer():609] handle sender defer: 8
2024-06-16 12:52:59,473 INFO    SenderThread:1805803 [job_builder.py:build():432] Attempting to build job artifact
2024-06-16 12:52:59,474 INFO    SenderThread:1805803 [job_builder.py:_get_source_type():565] is repo sourced job
2024-06-16 12:52:59,474 INFO    SenderThread:1805803 [job_builder.py:_get_program_relpath():583] run is notebook based run
2024-06-16 12:52:59,512 INFO    SenderThread:1805803 [job_builder.py:build():541] adding wandb-job metadata file
2024-06-16 12:52:59,531 INFO    SenderThread:1805803 [sender.py:transition_state():613] send defer: 9
2024-06-16 12:52:59,532 DEBUG   HandlerThread:1805803 [handler.py:handle_request():158] handle_request: defer
2024-06-16 12:52:59,532 INFO    HandlerThread:1805803 [handler.py:handle_request_defer():184] handle defer: 9
2024-06-16 12:52:59,533 DEBUG   SenderThread:1805803 [sender.py:send():378] send: artifact
2024-06-16 12:52:59,874 INFO    Thread-12 :1805803 [dir_watcher.py:_on_file_modified():288] file/dir modified: /home/alexeyorlov53/Transformers-for-Molecules/graphormer/MolCLR_experiment/wandb/run-20240616_125052-mp6a8ux9/files/output.log
2024-06-16 12:53:00,165 DEBUG   HandlerThread:1805803 [handler.py:handle_request():158] handle_request: poll_exit
2024-06-16 12:53:01,604 INFO    wandb-upload_1:1805803 [upload_job.py:push():88] Uploaded file /tmp/tmpbnzfdpb4/wandb-job.json
2024-06-16 12:53:01,609 INFO    wandb-upload_0:1805803 [upload_job.py:push():88] Uploaded file /home/alexeyorlov53/.local/share/wandb/artifacts/staging/tmpy9a989ts
2024-06-16 12:53:02,125 WARNING StreamThr :1805803 [internal.py:is_dead():413] Internal process exiting, parent pid 1805028 disappeared
2024-06-16 12:53:02,125 ERROR   StreamThr :1805803 [internal.py:wandb_internal():151] Internal process shutdown.
2024-06-16 12:53:02,167 INFO    WriterThread:1805803 [datastore.py:close():296] close: /home/alexeyorlov53/Transformers-for-Molecules/graphormer/MolCLR_experiment/wandb/run-20240616_125052-mp6a8ux9/run-mp6a8ux9.wandb
2024-06-16 12:53:02,167 INFO    HandlerThread:1805803 [handler.py:finish():882] shutting down handler
2024-06-16 12:53:02,758 ERROR   SenderThread:1805803 [internal_api.py:execute():344] 404 response executing GraphQL.
2024-06-16 12:53:02,758 ERROR   SenderThread:1805803 [internal_api.py:execute():345] {"errors":[{"message":"failed to find run graphormer/mp6a8ux9","path":["useArtifact"]}],"data":{"useArtifact":null}}
2024-06-16 12:53:02,759 ERROR   SenderThread:1805803 [sender.py:send_artifact():1469] send_artifact: failed for artifact "job/job-https___github.com_OrlovAlexey_Transformers-for-Molecules.g..formers-for-Molecules_graphormer_MolCLR_experiment_MolCLR.ipynb": [Errno 32] Broken pipe
2024-06-16 12:53:02,759 INFO    SenderThread:1805803 [sender.py:finish():1545] shutting down sender
2024-06-16 12:53:02,759 INFO    SenderThread:1805803 [dir_watcher.py:finish():358] shutting down directory watcher
2024-06-16 12:53:02,876 INFO    SenderThread:1805803 [dir_watcher.py:finish():388] scan: /home/alexeyorlov53/Transformers-for-Molecules/graphormer/MolCLR_experiment/wandb/run-20240616_125052-mp6a8ux9/files
2024-06-16 12:53:02,876 INFO    SenderThread:1805803 [dir_watcher.py:finish():402] scan save: /home/alexeyorlov53/Transformers-for-Molecules/graphormer/MolCLR_experiment/wandb/run-20240616_125052-mp6a8ux9/files/output.log output.log
2024-06-16 12:53:02,876 INFO    SenderThread:1805803 [dir_watcher.py:finish():402] scan save: /home/alexeyorlov53/Transformers-for-Molecules/graphormer/MolCLR_experiment/wandb/run-20240616_125052-mp6a8ux9/files/requirements.txt requirements.txt
2024-06-16 12:53:02,879 INFO    SenderThread:1805803 [dir_watcher.py:finish():402] scan save: /home/alexeyorlov53/Transformers-for-Molecules/graphormer/MolCLR_experiment/wandb/run-20240616_125052-mp6a8ux9/files/wandb-metadata.json wandb-metadata.json
2024-06-16 12:53:02,879 INFO    SenderThread:1805803 [dir_watcher.py:finish():402] scan save: /home/alexeyorlov53/Transformers-for-Molecules/graphormer/MolCLR_experiment/wandb/run-20240616_125052-mp6a8ux9/files/wandb-summary.json wandb-summary.json
2024-06-16 12:53:02,880 INFO    SenderThread:1805803 [dir_watcher.py:finish():402] scan save: /home/alexeyorlov53/Transformers-for-Molecules/graphormer/MolCLR_experiment/wandb/run-20240616_125052-mp6a8ux9/files/config.yaml config.yaml
2024-06-16 12:53:02,883 INFO    SenderThread:1805803 [dir_watcher.py:finish():402] scan save: /home/alexeyorlov53/Transformers-for-Molecules/graphormer/MolCLR_experiment/wandb/run-20240616_125052-mp6a8ux9/files/conda-environment.yaml conda-environment.yaml
2024-06-16 12:53:02,887 INFO    SenderThread:1805803 [file_pusher.py:finish():169] shutting down file pusher
2024-06-16 12:53:02,887 INFO    SenderThread:1805803 [file_pusher.py:join():175] waiting for file pusher
2024-06-16 12:53:03,034 ERROR   wandb-upload_1:1805803 [internal_api.py:execute():344] 404 response executing GraphQL.
2024-06-16 12:53:03,035 ERROR   wandb-upload_1:1805803 [internal_api.py:execute():345] {"errors":[{"message":"run graphormer/mp6a8ux9 not found during createRunFiles","path":["createRunFiles"]}],"data":{"createRunFiles":null}}
2024-06-16 12:53:03,035 ERROR   Thread-11 :1805803 [step_upload.py:_handle_event():144] Failed to upload file: /home/alexeyorlov53/Transformers-for-Molecules/graphormer/MolCLR_experiment/wandb/run-20240616_125052-mp6a8ux9/files/output.log
Traceback (most recent call last):
  File "/home/alexeyorlov53/anaconda3/envs/myenv/lib/python3.9/site-packages/wandb/sdk/internal/internal_api.py", line 340, in execute
    return self.client.execute(*args, **kwargs)  # type: ignore
  File "/home/alexeyorlov53/anaconda3/envs/myenv/lib/python3.9/site-packages/wandb/vendor/gql-0.2.0/wandb_gql/client.py", line 52, in execute
    result = self._get_result(document, *args, **kwargs)
  File "/home/alexeyorlov53/anaconda3/envs/myenv/lib/python3.9/site-packages/wandb/vendor/gql-0.2.0/wandb_gql/client.py", line 60, in _get_result
    return self.transport.execute(document, *args, **kwargs)
  File "/home/alexeyorlov53/anaconda3/envs/myenv/lib/python3.9/site-packages/wandb/sdk/lib/gql_request.py", line 59, in execute
    request.raise_for_status()
  File "/home/alexeyorlov53/anaconda3/envs/myenv/lib/python3.9/site-packages/requests/models.py", line 1021, in raise_for_status
    raise HTTPError(http_error_msg, response=self)
requests.exceptions.HTTPError: 404 Client Error: Not Found for url: https://api.wandb.ai/graphql

During handling of the above exception, another exception occurred:

Traceback (most recent call last):
  File "/home/alexeyorlov53/anaconda3/envs/myenv/lib/python3.9/site-packages/wandb/apis/normalize.py", line 41, in wrapper
    return func(*args, **kwargs)
  File "/home/alexeyorlov53/anaconda3/envs/myenv/lib/python3.9/site-packages/wandb/sdk/internal/internal_api.py", line 2357, in upload_urls
    query_result = self.gql(
  File "/home/alexeyorlov53/anaconda3/envs/myenv/lib/python3.9/site-packages/wandb/sdk/internal/internal_api.py", line 312, in gql
    ret = self._retry_gql(
  File "/home/alexeyorlov53/anaconda3/envs/myenv/lib/python3.9/site-packages/wandb/sdk/lib/retry.py", line 131, in __call__
    result = self._call_fn(*args, **kwargs)
  File "/home/alexeyorlov53/anaconda3/envs/myenv/lib/python3.9/site-packages/wandb/sdk/internal/internal_api.py", line 347, in execute
    wandb.termerror(f"Error while calling W&B API: {error} ({response})")
  File "/home/alexeyorlov53/anaconda3/envs/myenv/lib/python3.9/site-packages/wandb/errors/term.py", line 64, in termerror
    _log(
  File "/home/alexeyorlov53/anaconda3/envs/myenv/lib/python3.9/site-packages/wandb/errors/term.py", line 103, in _log
    click.echo(line, file=sys.stderr, nl=newline)
  File "/home/alexeyorlov53/anaconda3/envs/myenv/lib/python3.9/site-packages/click/utils.py", line 318, in echo
    file.write(out)  # type: ignore
BrokenPipeError: [Errno 32] Broken pipe

During handling of the above exception, another exception occurred:

Traceback (most recent call last):
  File "/home/alexeyorlov53/anaconda3/envs/myenv/lib/python3.9/concurrent/futures/thread.py", line 58, in run
    result = self.fn(*self.args, **self.kwargs)
  File "/home/alexeyorlov53/anaconda3/envs/myenv/lib/python3.9/site-packages/wandb/filesync/step_upload.py", line 223, in run_and_notify
    self._do_upload(event)
  File "/home/alexeyorlov53/anaconda3/envs/myenv/lib/python3.9/site-packages/wandb/filesync/step_upload.py", line 243, in _do_upload
    job.run()
  File "/home/alexeyorlov53/anaconda3/envs/myenv/lib/python3.9/site-packages/wandb/filesync/upload_job.py", line 56, in run
    self.push()
  File "/home/alexeyorlov53/anaconda3/envs/myenv/lib/python3.9/site-packages/wandb/filesync/upload_job.py", line 105, in push
    _, upload_headers, result = self._api.upload_urls(project, [self.save_name])
  File "/home/alexeyorlov53/anaconda3/envs/myenv/lib/python3.9/site-packages/wandb/apis/normalize.py", line 87, in wrapper
    raise CommError(message, err).with_traceback(sys.exc_info()[2])
  File "/home/alexeyorlov53/anaconda3/envs/myenv/lib/python3.9/site-packages/wandb/apis/normalize.py", line 41, in wrapper
    return func(*args, **kwargs)
  File "/home/alexeyorlov53/anaconda3/envs/myenv/lib/python3.9/site-packages/wandb/sdk/internal/internal_api.py", line 2357, in upload_urls
    query_result = self.gql(
  File "/home/alexeyorlov53/anaconda3/envs/myenv/lib/python3.9/site-packages/wandb/sdk/internal/internal_api.py", line 312, in gql
    ret = self._retry_gql(
  File "/home/alexeyorlov53/anaconda3/envs/myenv/lib/python3.9/site-packages/wandb/sdk/lib/retry.py", line 131, in __call__
    result = self._call_fn(*args, **kwargs)
  File "/home/alexeyorlov53/anaconda3/envs/myenv/lib/python3.9/site-packages/wandb/sdk/internal/internal_api.py", line 347, in execute
    wandb.termerror(f"Error while calling W&B API: {error} ({response})")
  File "/home/alexeyorlov53/anaconda3/envs/myenv/lib/python3.9/site-packages/wandb/errors/term.py", line 64, in termerror
    _log(
  File "/home/alexeyorlov53/anaconda3/envs/myenv/lib/python3.9/site-packages/wandb/errors/term.py", line 103, in _log
    click.echo(line, file=sys.stderr, nl=newline)
  File "/home/alexeyorlov53/anaconda3/envs/myenv/lib/python3.9/site-packages/click/utils.py", line 318, in echo
    file.write(out)  # type: ignore
wandb.errors.CommError: [Errno 32] Broken pipe
2024-06-16 12:53:03,043 ERROR   wandb-upload_0:1805803 [internal_api.py:execute():344] 404 response executing GraphQL.
2024-06-16 12:53:03,062 ERROR   wandb-upload_0:1805803 [internal_api.py:execute():345] {"errors":[{"message":"run graphormer/mp6a8ux9 not found during createRunFiles","path":["createRunFiles"]}],"data":{"createRunFiles":null}}
2024-06-16 12:53:03,063 ERROR   Thread-11 :1805803 [step_upload.py:_handle_event():144] Failed to upload file: /home/alexeyorlov53/Transformers-for-Molecules/graphormer/MolCLR_experiment/wandb/run-20240616_125052-mp6a8ux9/files/requirements.txt
Traceback (most recent call last):
  File "/home/alexeyorlov53/anaconda3/envs/myenv/lib/python3.9/site-packages/wandb/sdk/internal/internal_api.py", line 340, in execute
    return self.client.execute(*args, **kwargs)  # type: ignore
  File "/home/alexeyorlov53/anaconda3/envs/myenv/lib/python3.9/site-packages/wandb/vendor/gql-0.2.0/wandb_gql/client.py", line 52, in execute
    result = self._get_result(document, *args, **kwargs)
  File "/home/alexeyorlov53/anaconda3/envs/myenv/lib/python3.9/site-packages/wandb/vendor/gql-0.2.0/wandb_gql/client.py", line 60, in _get_result
    return self.transport.execute(document, *args, **kwargs)
  File "/home/alexeyorlov53/anaconda3/envs/myenv/lib/python3.9/site-packages/wandb/sdk/lib/gql_request.py", line 59, in execute
    request.raise_for_status()
  File "/home/alexeyorlov53/anaconda3/envs/myenv/lib/python3.9/site-packages/requests/models.py", line 1021, in raise_for_status
    raise HTTPError(http_error_msg, response=self)
requests.exceptions.HTTPError: 404 Client Error: Not Found for url: https://api.wandb.ai/graphql

During handling of the above exception, another exception occurred:

Traceback (most recent call last):
  File "/home/alexeyorlov53/anaconda3/envs/myenv/lib/python3.9/site-packages/wandb/apis/normalize.py", line 41, in wrapper
    return func(*args, **kwargs)
  File "/home/alexeyorlov53/anaconda3/envs/myenv/lib/python3.9/site-packages/wandb/sdk/internal/internal_api.py", line 2357, in upload_urls
    query_result = self.gql(
  File "/home/alexeyorlov53/anaconda3/envs/myenv/lib/python3.9/site-packages/wandb/sdk/internal/internal_api.py", line 312, in gql
    ret = self._retry_gql(
  File "/home/alexeyorlov53/anaconda3/envs/myenv/lib/python3.9/site-packages/wandb/sdk/lib/retry.py", line 131, in __call__
    result = self._call_fn(*args, **kwargs)
  File "/home/alexeyorlov53/anaconda3/envs/myenv/lib/python3.9/site-packages/wandb/sdk/internal/internal_api.py", line 347, in execute
    wandb.termerror(f"Error while calling W&B API: {error} ({response})")
  File "/home/alexeyorlov53/anaconda3/envs/myenv/lib/python3.9/site-packages/wandb/errors/term.py", line 64, in termerror
    _log(
  File "/home/alexeyorlov53/anaconda3/envs/myenv/lib/python3.9/site-packages/wandb/errors/term.py", line 103, in _log
    click.echo(line, file=sys.stderr, nl=newline)
  File "/home/alexeyorlov53/anaconda3/envs/myenv/lib/python3.9/site-packages/click/utils.py", line 318, in echo
    file.write(out)  # type: ignore
BrokenPipeError: [Errno 32] Broken pipe

During handling of the above exception, another exception occurred:

Traceback (most recent call last):
  File "/home/alexeyorlov53/anaconda3/envs/myenv/lib/python3.9/concurrent/futures/thread.py", line 58, in run
    result = self.fn(*self.args, **self.kwargs)
  File "/home/alexeyorlov53/anaconda3/envs/myenv/lib/python3.9/site-packages/wandb/filesync/step_upload.py", line 223, in run_and_notify
    self._do_upload(event)
  File "/home/alexeyorlov53/anaconda3/envs/myenv/lib/python3.9/site-packages/wandb/filesync/step_upload.py", line 243, in _do_upload
    job.run()
  File "/home/alexeyorlov53/anaconda3/envs/myenv/lib/python3.9/site-packages/wandb/filesync/upload_job.py", line 56, in run
    self.push()
  File "/home/alexeyorlov53/anaconda3/envs/myenv/lib/python3.9/site-packages/wandb/filesync/upload_job.py", line 105, in push
    _, upload_headers, result = self._api.upload_urls(project, [self.save_name])
  File "/home/alexeyorlov53/anaconda3/envs/myenv/lib/python3.9/site-packages/wandb/apis/normalize.py", line 87, in wrapper
    raise CommError(message, err).with_traceback(sys.exc_info()[2])
  File "/home/alexeyorlov53/anaconda3/envs/myenv/lib/python3.9/site-packages/wandb/apis/normalize.py", line 41, in wrapper
    return func(*args, **kwargs)
  File "/home/alexeyorlov53/anaconda3/envs/myenv/lib/python3.9/site-packages/wandb/sdk/internal/internal_api.py", line 2357, in upload_urls
    query_result = self.gql(
  File "/home/alexeyorlov53/anaconda3/envs/myenv/lib/python3.9/site-packages/wandb/sdk/internal/internal_api.py", line 312, in gql
    ret = self._retry_gql(
  File "/home/alexeyorlov53/anaconda3/envs/myenv/lib/python3.9/site-packages/wandb/sdk/lib/retry.py", line 131, in __call__
    result = self._call_fn(*args, **kwargs)
  File "/home/alexeyorlov53/anaconda3/envs/myenv/lib/python3.9/site-packages/wandb/sdk/internal/internal_api.py", line 347, in execute
    wandb.termerror(f"Error while calling W&B API: {error} ({response})")
  File "/home/alexeyorlov53/anaconda3/envs/myenv/lib/python3.9/site-packages/wandb/errors/term.py", line 64, in termerror
    _log(
  File "/home/alexeyorlov53/anaconda3/envs/myenv/lib/python3.9/site-packages/wandb/errors/term.py", line 103, in _log
    click.echo(line, file=sys.stderr, nl=newline)
  File "/home/alexeyorlov53/anaconda3/envs/myenv/lib/python3.9/site-packages/click/utils.py", line 318, in echo
    file.write(out)  # type: ignore
wandb.errors.CommError: [Errno 32] Broken pipe
2024-06-16 12:53:03,106 ERROR   wandb-upload_3:1805803 [internal_api.py:execute():344] 404 response executing GraphQL.
2024-06-16 12:53:03,107 ERROR   wandb-upload_3:1805803 [internal_api.py:execute():345] {"errors":[{"message":"run graphormer/mp6a8ux9 not found during createRunFiles","path":["createRunFiles"]}],"data":{"createRunFiles":null}}
2024-06-16 12:53:03,107 ERROR   Thread-11 :1805803 [step_upload.py:_handle_event():144] Failed to upload file: /home/alexeyorlov53/Transformers-for-Molecules/graphormer/MolCLR_experiment/wandb/run-20240616_125052-mp6a8ux9/files/config.yaml
Traceback (most recent call last):
  File "/home/alexeyorlov53/anaconda3/envs/myenv/lib/python3.9/site-packages/wandb/sdk/internal/internal_api.py", line 340, in execute
    return self.client.execute(*args, **kwargs)  # type: ignore
  File "/home/alexeyorlov53/anaconda3/envs/myenv/lib/python3.9/site-packages/wandb/vendor/gql-0.2.0/wandb_gql/client.py", line 52, in execute
    result = self._get_result(document, *args, **kwargs)
  File "/home/alexeyorlov53/anaconda3/envs/myenv/lib/python3.9/site-packages/wandb/vendor/gql-0.2.0/wandb_gql/client.py", line 60, in _get_result
    return self.transport.execute(document, *args, **kwargs)
  File "/home/alexeyorlov53/anaconda3/envs/myenv/lib/python3.9/site-packages/wandb/sdk/lib/gql_request.py", line 59, in execute
    request.raise_for_status()
  File "/home/alexeyorlov53/anaconda3/envs/myenv/lib/python3.9/site-packages/requests/models.py", line 1021, in raise_for_status
    raise HTTPError(http_error_msg, response=self)
requests.exceptions.HTTPError: 404 Client Error: Not Found for url: https://api.wandb.ai/graphql

During handling of the above exception, another exception occurred:

Traceback (most recent call last):
  File "/home/alexeyorlov53/anaconda3/envs/myenv/lib/python3.9/site-packages/wandb/apis/normalize.py", line 41, in wrapper
    return func(*args, **kwargs)
  File "/home/alexeyorlov53/anaconda3/envs/myenv/lib/python3.9/site-packages/wandb/sdk/internal/internal_api.py", line 2357, in upload_urls
    query_result = self.gql(
  File "/home/alexeyorlov53/anaconda3/envs/myenv/lib/python3.9/site-packages/wandb/sdk/internal/internal_api.py", line 312, in gql
    ret = self._retry_gql(
  File "/home/alexeyorlov53/anaconda3/envs/myenv/lib/python3.9/site-packages/wandb/sdk/lib/retry.py", line 131, in __call__
    result = self._call_fn(*args, **kwargs)
  File "/home/alexeyorlov53/anaconda3/envs/myenv/lib/python3.9/site-packages/wandb/sdk/internal/internal_api.py", line 347, in execute
    wandb.termerror(f"Error while calling W&B API: {error} ({response})")
  File "/home/alexeyorlov53/anaconda3/envs/myenv/lib/python3.9/site-packages/wandb/errors/term.py", line 64, in termerror
    _log(
  File "/home/alexeyorlov53/anaconda3/envs/myenv/lib/python3.9/site-packages/wandb/errors/term.py", line 103, in _log
    click.echo(line, file=sys.stderr, nl=newline)
  File "/home/alexeyorlov53/anaconda3/envs/myenv/lib/python3.9/site-packages/click/utils.py", line 318, in echo
    file.write(out)  # type: ignore
BrokenPipeError: [Errno 32] Broken pipe

During handling of the above exception, another exception occurred:

Traceback (most recent call last):
  File "/home/alexeyorlov53/anaconda3/envs/myenv/lib/python3.9/concurrent/futures/thread.py", line 58, in run
    result = self.fn(*self.args, **self.kwargs)
  File "/home/alexeyorlov53/anaconda3/envs/myenv/lib/python3.9/site-packages/wandb/filesync/step_upload.py", line 223, in run_and_notify
    self._do_upload(event)
  File "/home/alexeyorlov53/anaconda3/envs/myenv/lib/python3.9/site-packages/wandb/filesync/step_upload.py", line 243, in _do_upload
    job.run()
  File "/home/alexeyorlov53/anaconda3/envs/myenv/lib/python3.9/site-packages/wandb/filesync/upload_job.py", line 56, in run
    self.push()
  File "/home/alexeyorlov53/anaconda3/envs/myenv/lib/python3.9/site-packages/wandb/filesync/upload_job.py", line 105, in push
    _, upload_headers, result = self._api.upload_urls(project, [self.save_name])
  File "/home/alexeyorlov53/anaconda3/envs/myenv/lib/python3.9/site-packages/wandb/apis/normalize.py", line 87, in wrapper
    raise CommError(message, err).with_traceback(sys.exc_info()[2])
  File "/home/alexeyorlov53/anaconda3/envs/myenv/lib/python3.9/site-packages/wandb/apis/normalize.py", line 41, in wrapper
    return func(*args, **kwargs)
  File "/home/alexeyorlov53/anaconda3/envs/myenv/lib/python3.9/site-packages/wandb/sdk/internal/internal_api.py", line 2357, in upload_urls
    query_result = self.gql(
  File "/home/alexeyorlov53/anaconda3/envs/myenv/lib/python3.9/site-packages/wandb/sdk/internal/internal_api.py", line 312, in gql
    ret = self._retry_gql(
  File "/home/alexeyorlov53/anaconda3/envs/myenv/lib/python3.9/site-packages/wandb/sdk/lib/retry.py", line 131, in __call__
    result = self._call_fn(*args, **kwargs)
  File "/home/alexeyorlov53/anaconda3/envs/myenv/lib/python3.9/site-packages/wandb/sdk/internal/internal_api.py", line 347, in execute
    wandb.termerror(f"Error while calling W&B API: {error} ({response})")
  File "/home/alexeyorlov53/anaconda3/envs/myenv/lib/python3.9/site-packages/wandb/errors/term.py", line 64, in termerror
    _log(
  File "/home/alexeyorlov53/anaconda3/envs/myenv/lib/python3.9/site-packages/wandb/errors/term.py", line 103, in _log
    click.echo(line, file=sys.stderr, nl=newline)
  File "/home/alexeyorlov53/anaconda3/envs/myenv/lib/python3.9/site-packages/click/utils.py", line 318, in echo
    file.write(out)  # type: ignore
wandb.errors.CommError: [Errno 32] Broken pipe
2024-06-16 12:53:03,113 ERROR   wandb-upload_4:1805803 [internal_api.py:execute():344] 404 response executing GraphQL.
2024-06-16 12:53:03,113 ERROR   wandb-upload_4:1805803 [internal_api.py:execute():345] {"errors":[{"message":"run graphormer/mp6a8ux9 not found during createRunFiles","path":["createRunFiles"]}],"data":{"createRunFiles":null}}
2024-06-16 12:53:03,113 ERROR   Thread-11 :1805803 [step_upload.py:_handle_event():144] Failed to upload file: /home/alexeyorlov53/Transformers-for-Molecules/graphormer/MolCLR_experiment/wandb/run-20240616_125052-mp6a8ux9/files/conda-environment.yaml
Traceback (most recent call last):
  File "/home/alexeyorlov53/anaconda3/envs/myenv/lib/python3.9/site-packages/wandb/sdk/internal/internal_api.py", line 340, in execute
    return self.client.execute(*args, **kwargs)  # type: ignore
  File "/home/alexeyorlov53/anaconda3/envs/myenv/lib/python3.9/site-packages/wandb/vendor/gql-0.2.0/wandb_gql/client.py", line 52, in execute
    result = self._get_result(document, *args, **kwargs)
  File "/home/alexeyorlov53/anaconda3/envs/myenv/lib/python3.9/site-packages/wandb/vendor/gql-0.2.0/wandb_gql/client.py", line 60, in _get_result
    return self.transport.execute(document, *args, **kwargs)
  File "/home/alexeyorlov53/anaconda3/envs/myenv/lib/python3.9/site-packages/wandb/sdk/lib/gql_request.py", line 59, in execute
    request.raise_for_status()
  File "/home/alexeyorlov53/anaconda3/envs/myenv/lib/python3.9/site-packages/requests/models.py", line 1021, in raise_for_status
    raise HTTPError(http_error_msg, response=self)
requests.exceptions.HTTPError: 404 Client Error: Not Found for url: https://api.wandb.ai/graphql

During handling of the above exception, another exception occurred:

Traceback (most recent call last):
  File "/home/alexeyorlov53/anaconda3/envs/myenv/lib/python3.9/site-packages/wandb/apis/normalize.py", line 41, in wrapper
    return func(*args, **kwargs)
  File "/home/alexeyorlov53/anaconda3/envs/myenv/lib/python3.9/site-packages/wandb/sdk/internal/internal_api.py", line 2357, in upload_urls
    query_result = self.gql(
  File "/home/alexeyorlov53/anaconda3/envs/myenv/lib/python3.9/site-packages/wandb/sdk/internal/internal_api.py", line 312, in gql
    ret = self._retry_gql(
  File "/home/alexeyorlov53/anaconda3/envs/myenv/lib/python3.9/site-packages/wandb/sdk/lib/retry.py", line 131, in __call__
    result = self._call_fn(*args, **kwargs)
  File "/home/alexeyorlov53/anaconda3/envs/myenv/lib/python3.9/site-packages/wandb/sdk/internal/internal_api.py", line 347, in execute
    wandb.termerror(f"Error while calling W&B API: {error} ({response})")
  File "/home/alexeyorlov53/anaconda3/envs/myenv/lib/python3.9/site-packages/wandb/errors/term.py", line 64, in termerror
    _log(
  File "/home/alexeyorlov53/anaconda3/envs/myenv/lib/python3.9/site-packages/wandb/errors/term.py", line 103, in _log
    click.echo(line, file=sys.stderr, nl=newline)
  File "/home/alexeyorlov53/anaconda3/envs/myenv/lib/python3.9/site-packages/click/utils.py", line 318, in echo
    file.write(out)  # type: ignore
BrokenPipeError: [Errno 32] Broken pipe

During handling of the above exception, another exception occurred:

Traceback (most recent call last):
  File "/home/alexeyorlov53/anaconda3/envs/myenv/lib/python3.9/concurrent/futures/thread.py", line 58, in run
    result = self.fn(*self.args, **self.kwargs)
  File "/home/alexeyorlov53/anaconda3/envs/myenv/lib/python3.9/site-packages/wandb/filesync/step_upload.py", line 223, in run_and_notify
    self._do_upload(event)
  File "/home/alexeyorlov53/anaconda3/envs/myenv/lib/python3.9/site-packages/wandb/filesync/step_upload.py", line 243, in _do_upload
    job.run()
  File "/home/alexeyorlov53/anaconda3/envs/myenv/lib/python3.9/site-packages/wandb/filesync/upload_job.py", line 56, in run
    self.push()
  File "/home/alexeyorlov53/anaconda3/envs/myenv/lib/python3.9/site-packages/wandb/filesync/upload_job.py", line 105, in push
    _, upload_headers, result = self._api.upload_urls(project, [self.save_name])
  File "/home/alexeyorlov53/anaconda3/envs/myenv/lib/python3.9/site-packages/wandb/apis/normalize.py", line 87, in wrapper
    raise CommError(message, err).with_traceback(sys.exc_info()[2])
  File "/home/alexeyorlov53/anaconda3/envs/myenv/lib/python3.9/site-packages/wandb/apis/normalize.py", line 41, in wrapper
    return func(*args, **kwargs)
  File "/home/alexeyorlov53/anaconda3/envs/myenv/lib/python3.9/site-packages/wandb/sdk/internal/internal_api.py", line 2357, in upload_urls
    query_result = self.gql(
  File "/home/alexeyorlov53/anaconda3/envs/myenv/lib/python3.9/site-packages/wandb/sdk/internal/internal_api.py", line 312, in gql
    ret = self._retry_gql(
  File "/home/alexeyorlov53/anaconda3/envs/myenv/lib/python3.9/site-packages/wandb/sdk/lib/retry.py", line 131, in __call__
    result = self._call_fn(*args, **kwargs)
  File "/home/alexeyorlov53/anaconda3/envs/myenv/lib/python3.9/site-packages/wandb/sdk/internal/internal_api.py", line 347, in execute
    wandb.termerror(f"Error while calling W&B API: {error} ({response})")
  File "/home/alexeyorlov53/anaconda3/envs/myenv/lib/python3.9/site-packages/wandb/errors/term.py", line 64, in termerror
    _log(
  File "/home/alexeyorlov53/anaconda3/envs/myenv/lib/python3.9/site-packages/wandb/errors/term.py", line 103, in _log
    click.echo(line, file=sys.stderr, nl=newline)
  File "/home/alexeyorlov53/anaconda3/envs/myenv/lib/python3.9/site-packages/click/utils.py", line 318, in echo
    file.write(out)  # type: ignore
wandb.errors.CommError: [Errno 32] Broken pipe
2024-06-16 12:53:03,115 ERROR   wandb-upload_2:1805803 [internal_api.py:execute():344] 404 response executing GraphQL.
2024-06-16 12:53:03,116 ERROR   wandb-upload_2:1805803 [internal_api.py:execute():345] {"errors":[{"message":"run graphormer/mp6a8ux9 not found during createRunFiles","path":["createRunFiles"]}],"data":{"createRunFiles":null}}
2024-06-16 12:53:03,116 ERROR   Thread-11 :1805803 [step_upload.py:_handle_event():144] Failed to upload file: /home/alexeyorlov53/Transformers-for-Molecules/graphormer/MolCLR_experiment/wandb/run-20240616_125052-mp6a8ux9/files/wandb-summary.json
Traceback (most recent call last):
  File "/home/alexeyorlov53/anaconda3/envs/myenv/lib/python3.9/site-packages/wandb/sdk/internal/internal_api.py", line 340, in execute
    return self.client.execute(*args, **kwargs)  # type: ignore
  File "/home/alexeyorlov53/anaconda3/envs/myenv/lib/python3.9/site-packages/wandb/vendor/gql-0.2.0/wandb_gql/client.py", line 52, in execute
    result = self._get_result(document, *args, **kwargs)
  File "/home/alexeyorlov53/anaconda3/envs/myenv/lib/python3.9/site-packages/wandb/vendor/gql-0.2.0/wandb_gql/client.py", line 60, in _get_result
    return self.transport.execute(document, *args, **kwargs)
  File "/home/alexeyorlov53/anaconda3/envs/myenv/lib/python3.9/site-packages/wandb/sdk/lib/gql_request.py", line 59, in execute
    request.raise_for_status()
  File "/home/alexeyorlov53/anaconda3/envs/myenv/lib/python3.9/site-packages/requests/models.py", line 1021, in raise_for_status
    raise HTTPError(http_error_msg, response=self)
requests.exceptions.HTTPError: 404 Client Error: Not Found for url: https://api.wandb.ai/graphql

During handling of the above exception, another exception occurred:

Traceback (most recent call last):
  File "/home/alexeyorlov53/anaconda3/envs/myenv/lib/python3.9/site-packages/wandb/apis/normalize.py", line 41, in wrapper
    return func(*args, **kwargs)
  File "/home/alexeyorlov53/anaconda3/envs/myenv/lib/python3.9/site-packages/wandb/sdk/internal/internal_api.py", line 2357, in upload_urls
    query_result = self.gql(
  File "/home/alexeyorlov53/anaconda3/envs/myenv/lib/python3.9/site-packages/wandb/sdk/internal/internal_api.py", line 312, in gql
    ret = self._retry_gql(
  File "/home/alexeyorlov53/anaconda3/envs/myenv/lib/python3.9/site-packages/wandb/sdk/lib/retry.py", line 131, in __call__
    result = self._call_fn(*args, **kwargs)
  File "/home/alexeyorlov53/anaconda3/envs/myenv/lib/python3.9/site-packages/wandb/sdk/internal/internal_api.py", line 347, in execute
    wandb.termerror(f"Error while calling W&B API: {error} ({response})")
  File "/home/alexeyorlov53/anaconda3/envs/myenv/lib/python3.9/site-packages/wandb/errors/term.py", line 64, in termerror
    _log(
  File "/home/alexeyorlov53/anaconda3/envs/myenv/lib/python3.9/site-packages/wandb/errors/term.py", line 103, in _log
    click.echo(line, file=sys.stderr, nl=newline)
  File "/home/alexeyorlov53/anaconda3/envs/myenv/lib/python3.9/site-packages/click/utils.py", line 318, in echo
    file.write(out)  # type: ignore
BrokenPipeError: [Errno 32] Broken pipe

During handling of the above exception, another exception occurred:

Traceback (most recent call last):
  File "/home/alexeyorlov53/anaconda3/envs/myenv/lib/python3.9/concurrent/futures/thread.py", line 58, in run
    result = self.fn(*self.args, **self.kwargs)
  File "/home/alexeyorlov53/anaconda3/envs/myenv/lib/python3.9/site-packages/wandb/filesync/step_upload.py", line 223, in run_and_notify
    self._do_upload(event)
  File "/home/alexeyorlov53/anaconda3/envs/myenv/lib/python3.9/site-packages/wandb/filesync/step_upload.py", line 243, in _do_upload
    job.run()
  File "/home/alexeyorlov53/anaconda3/envs/myenv/lib/python3.9/site-packages/wandb/filesync/upload_job.py", line 56, in run
    self.push()
  File "/home/alexeyorlov53/anaconda3/envs/myenv/lib/python3.9/site-packages/wandb/filesync/upload_job.py", line 105, in push
    _, upload_headers, result = self._api.upload_urls(project, [self.save_name])
  File "/home/alexeyorlov53/anaconda3/envs/myenv/lib/python3.9/site-packages/wandb/apis/normalize.py", line 87, in wrapper
    raise CommError(message, err).with_traceback(sys.exc_info()[2])
  File "/home/alexeyorlov53/anaconda3/envs/myenv/lib/python3.9/site-packages/wandb/apis/normalize.py", line 41, in wrapper
    return func(*args, **kwargs)
  File "/home/alexeyorlov53/anaconda3/envs/myenv/lib/python3.9/site-packages/wandb/sdk/internal/internal_api.py", line 2357, in upload_urls
    query_result = self.gql(
  File "/home/alexeyorlov53/anaconda3/envs/myenv/lib/python3.9/site-packages/wandb/sdk/internal/internal_api.py", line 312, in gql
    ret = self._retry_gql(
  File "/home/alexeyorlov53/anaconda3/envs/myenv/lib/python3.9/site-packages/wandb/sdk/lib/retry.py", line 131, in __call__
    result = self._call_fn(*args, **kwargs)
  File "/home/alexeyorlov53/anaconda3/envs/myenv/lib/python3.9/site-packages/wandb/sdk/internal/internal_api.py", line 347, in execute
    wandb.termerror(f"Error while calling W&B API: {error} ({response})")
  File "/home/alexeyorlov53/anaconda3/envs/myenv/lib/python3.9/site-packages/wandb/errors/term.py", line 64, in termerror
    _log(
  File "/home/alexeyorlov53/anaconda3/envs/myenv/lib/python3.9/site-packages/wandb/errors/term.py", line 103, in _log
    click.echo(line, file=sys.stderr, nl=newline)
  File "/home/alexeyorlov53/anaconda3/envs/myenv/lib/python3.9/site-packages/click/utils.py", line 318, in echo
    file.write(out)  # type: ignore
wandb.errors.CommError: [Errno 32] Broken pipe
2024-06-16 12:53:03,388 INFO    SenderThread:1805803 [file_stream.py:finish():601] file stream finish called
2024-06-16 12:53:03,558 INFO    SenderThread:1805803 [file_stream.py:finish():605] file stream finish is done
